<?xml version='1.0'?>
<ns2:test-suite xmlns:ns2='urn:model.allure.qatools.yandex.ru' start='1660582083260' stop='1660582083260'>
    <name>Setmore Staff Legacy</name>
    <title>Setmore Staff Legacy</title>
    <test-cases>
        <test-case start='1660582083260' status='pending' stop='1660582083260'>
            <name>Create Staff</name>
            <title>Create Staff</title>
            <labels/>
            <parameters/>
            <steps/>
            <attachments/>
            <failure>
                <message>Test ignored</message>
                <stack-trace>undefined</stack-trace>
            </failure>
        </test-case>
        <test-case start='1660582083260' status='pending' stop='1660582083260'>
            <name>Delete Staff</name>
            <title>Delete Staff</title>
            <labels/>
            <parameters/>
            <steps/>
            <attachments/>
            <failure>
                <message>Test ignored</message>
                <stack-trace>undefined</stack-trace>
            </failure>
        </test-case>
    </test-cases>
</ns2:test-suite>